Export time: 2020/05/28 14:48:37 MESZ
Export duration: 305.011s

Export settings:
	Export Geometry: Models with Shape Fallback
	Output Path: C:\temp\Assignment3\ModelExport
	Simplify Terrain Meshes: true
	Terrain Layers: Export all selected terrain layers
	applicationName: CityEngine
	applicationString: CityEngine 2019.0.5403 0409R
	applicationVendor: Esri R&D Center Zurich Inc.
	applicationVersion: 2019.0.5403 04091147
	atlasAddWrapBorder: true
	author: brunnerx
	baseName: HoBe_1
	collectTextures: true
	createShapeGroups: false
	createTextureAtlases: false
	embedTextures: false
	encoderID: com.esri.prt.codecs.FBXEncoder
	encoderName: Autodesk FBX
	errorFallback: true
	existingFiles: OVERWRITE
	facesWithHoles: TRIANGULATE_FACES_WITH_HOLES
	fileGranularity: MEMORY_BUDGET
	fileType: BINARY
	globalOffset: [ -2680713.0026245117, -301.885498046875, 1251291.8483886719 ]
	includeMaterials: true
	localOffset: NONE
	maxAtlasDim: 11
	memoryBudget: 500
	mergeNormals: true
	mergeTexcoords: true
	mergeVertices: true
	meshGranularity: INSTANCED
	normalPrecision: 0.001
	normalsIndexing: INDEXED
	outputPath: 
	sceneFile: /Holo_3D/scenes/HoBe_1.cej
	script: 
	shapeNameDelimiter: _
	tempPath: 
	texcoordPrecision: 1.0E-4
	textureCoordinates: ALL
	triangulateMeshes: false
	vertexNormals: PASS
	vertexPrecision: 0.001
	writeLog: true

Initial shapes:
	  0 :   OK                'Shape 1'                        OID '6a1825cc-d4f1-11b4-86b4-001b0ec37c9c'
	  1 :   OK                'Shape 2'                        OID '6a2d139c-d4f1-11b4-86b4-001b0ec37c9c'
	  2 :   OK                'Shape 3'                        OID '6a3a2c58-d4f1-11b4-86b4-001b0ec37c9c'
	  3 :   OK                'Shape 4'                        OID '6a444b5c-d4f1-11b4-86b4-001b0ec37c9c'
	  4 :   OK                'Shape 5'                        OID '6a50067c-d4f1-11b4-86b4-001b0ec37c9c'
	  5 :   OK                'Shape 6'                        OID '6a58e850-d4f1-11b4-86b4-001b0ec37c9c'
	  6 :   OK                'Shape 7'                        OID '6a6180b4-d4f1-11b4-86b4-001b0ec37c9c'
	  7 :   OK                'Shape 8'                        OID '6a69f58c-d4f1-11b4-86b4-001b0ec37c9c'
	  8 :   OK                'Shape 9'                        OID '6a74255c-d4f1-11b4-86b4-001b0ec37c9c'
	  9 :   OK                'Shape 10'                       OID '6a7b1010-d4f1-11b4-86b4-001b0ec37c9c'
	 10 :   OK                'Shape 11'                       OID '6a8171a8-d4f1-11b4-86b4-001b0ec37c9c'
	 11 :   OK                'Shape 12'                       OID '6a8a343c-d4f1-11b4-86b4-001b0ec37c9c'
	 12 :   OK                'Shape 13'                       OID '6a91378c-d4f1-11b4-86b4-001b0ec37c9c'
	 13 :   OK                'Shape 14'                       OID '6a9d5af8-d4f1-11b4-86b4-001b0ec37c9c'
	 14 :   OK                'Shape 15'                       OID '6aa46b90-d4f1-11b4-86b4-001b0ec37c9c'
	 15 :   OK                'Shape 16'                       OID '6aac9cd4-d4f1-11b4-86b4-001b0ec37c9c'
	 16 :   OK                'Shape 17'                       OID '6ab10300-d4f1-11b4-86b4-001b0ec37c9c'
	 17 :   OK                'Shape 18'                       OID '6ac1ab10-d4f1-11b4-86b4-001b0ec37c9c'
	 18 :   OK                'Shape 19'                       OID '6ac9eeb0-d4f1-11b4-86b4-001b0ec37c9c'
	 19 :   OK                'Shape 20'                       OID '6ad8831c-d4f1-11b4-86b4-001b0ec37c9c'
	 20 :   OK                'Shape 21'                       OID '6adcc4f4-d4f1-11b4-86b4-001b0ec37c9c'
	 21 :   OK                'Shape 22'                       OID '6ae0fa4c-d4f1-11b4-86b4-001b0ec37c9c'
	 22 :   OK                'Shape 23'                       OID '6ae6995c-d4f1-11b4-86b4-001b0ec37c9c'
	 23 :   OK                'Shape 24'                       OID '6ae9de14-d4f1-11b4-86b4-001b0ec37c9c'
	 24 :   OK                'Shape 25'                       OID '6aee22a8-d4f1-11b4-86b4-001b0ec37c9c'
	 25 :   OK                'Shape 26'                       OID '6b19741c-d4f1-11b4-86b4-001b0ec37c9c'
	 26 :   OK                'Shape 27'                       OID '6b1d5514-d4f1-11b4-86b4-001b0ec37c9c'
	 27 :   OK                'Shape 28'                       OID '6b21cff4-d4f1-11b4-86b4-001b0ec37c9c'
	 28 :   OK                'Shape 29'                       OID '6b25befc-d4f1-11b4-86b4-001b0ec37c9c'
	 29 :   OK                'Shape 30'                       OID '6b2a4850-d4f1-11b4-86b4-001b0ec37c9c'
	 30 :   OK                'Shape 31'                       OID '6b2d50e0-d4f1-11b4-86b4-001b0ec37c9c'
	 31 :   OK                'Shape 32'                       OID '6b3088b4-d4f1-11b4-86b4-001b0ec37c9c'
	 32 :   OK                'Shape 33'                       OID '6b3eaaac-d4f1-11b4-86b4-001b0ec37c9c'
	 33 :   OK                'Shape 34'                       OID '6b41c214-d4f1-11b4-86b4-001b0ec37c9c'
	 34 :   OK                'Shape 35'                       OID '6b450154-d4f1-11b4-86b4-001b0ec37c9c'
	 35 :   OK                'Shape 36'                       OID '6b488acc-d4f1-11b4-86b4-001b0ec37c9c'
	 36 :   OK                'Shape 37'                       OID '6b4e72e8-d4f1-11b4-86b4-001b0ec37c9c'
	 37 :   OK                'Shape 38'                       OID '6b517b78-d4f1-11b4-86b4-001b0ec37c9c'
	 38 :   OK                'Shape 39'                       OID '6b546f54-d4f1-11b4-86b4-001b0ec37c9c'
	 39 :   OK                'Shape 40'                       OID '6b5980fc-d4f1-11b4-86b4-001b0ec37c9c'
	 40 :   OK                'Shape 41'                       OID '6b5e2a58-d4f1-11b4-86b4-001b0ec37c9c'
	 41 :   OK                'Shape 42'                       OID '6b636950-d4f1-11b4-86b4-001b0ec37c9c'
	 42 :   OK                'Shape 43'                       OID '6b67e818-d4f1-11b4-86b4-001b0ec37c9c'
	 43 :   OK                'Shape 44'                       OID '6b6b7bb8-d4f1-11b4-86b4-001b0ec37c9c'
	 44 :   OK                'Shape 45'                       OID '6b6e7d40-d4f1-11b4-86b4-001b0ec37c9c'
	 45 :   OK                'Shape 46'                       OID '6b71fbc8-d4f1-11b4-86b4-001b0ec37c9c'
	 46 :   OK                'Shape 47'                       OID '6b75bb28-d4f1-11b4-86b4-001b0ec37c9c'
	 47 :   OK                'Shape 48'                       OID '6b78791c-d4f1-11b4-86b4-001b0ec37c9c'
	 48 :   OK                'Shape 49'                       OID '6b801fb4-d4f1-11b4-86b4-001b0ec37c9c'
	 49 :   OK                'Shape 50'                       OID '6b832cf4-d4f1-11b4-86b4-001b0ec37c9c'
	 50 :   OK                'Shape 51'                       OID '6b8d21c8-d4f1-11b4-86b4-001b0ec37c9c'
	 51 :   OK                'Shape 52'                       OID '6b9013b0-d4f1-11b4-86b4-001b0ec37c9c'
	 52 :   OK                'Shape 53'                       OID '6b9485f8-d4f1-11b4-86b4-001b0ec37c9c'
	 53 :   OK                'Shape 54'                       OID '6b999674-d4f1-11b4-86b4-001b0ec37c9c'
	 54 :   OK                'Shape 55'                       OID '6b9c5e2c-d4f1-11b4-86b4-001b0ec37c9c'
	 55 :   OK                'Shape 56'                       OID '6b9f6658-d4f1-11b4-86b4-001b0ec37c9c'
	 56 :   OK                'Shape 57'                       OID '6ba556a8-d4f1-11b4-86b4-001b0ec37c9c'
	 57 :   OK                'Shape 58'                       OID '6ba8b1a4-d4f1-11b4-86b4-001b0ec37c9c'
	 58 :   OK                'Shape 59'                       OID '6bacd504-d4f1-11b4-86b4-001b0ec37c9c'
	 59 :   OK                'Shape 60'                       OID '6baf48c0-d4f1-11b4-86b4-001b0ec37c9c'
	 60 :   OK                'Shape 61'                       OID '6bb4354c-d4f1-11b4-86b4-001b0ec37c9c'
	 61 :   OK                'Shape 62'                       OID '6bb79174-d4f1-11b4-86b4-001b0ec37c9c'
	 62 :   OK                'Shape 63'                       OID '6bb9edc0-d4f1-11b4-86b4-001b0ec37c9c'
	 63 :   OK                'Shape 64'                       OID '6bbca31c-d4f1-11b4-86b4-001b0ec37c9c'
	 64 :   OK                'Shape 65'                       OID '6bc168fc-d4f1-11b4-86b4-001b0ec37c9c'
	 65 :   OK                'Shape 66'                       OID '6bc4af44-d4f1-11b4-86b4-001b0ec37c9c'
	 66 :   OK                'Shape 67'                       OID '6bc76ae0-d4f1-11b4-86b4-001b0ec37c9c'
	 67 :   OK                'Shape 68'                       OID '6bc9e928-d4f1-11b4-86b4-001b0ec37c9c'
	 68 :   OK                'Shape 69'                       OID '6bccb1a8-d4f1-11b4-86b4-001b0ec37c9c'
	 69 :   OK                'Shape 70'                       OID '6bd2c714-d4f1-11b4-86b4-001b0ec37c9c'
	 70 :   OK                'Shape 71'                       OID '6bd59890-d4f1-11b4-86b4-001b0ec37c9c'
	 71 :   OK                'Shape 72'                       OID '6bd7e730-d4f1-11b4-86b4-001b0ec37c9c'
	 72 :   OK                'Shape 73'                       OID '6bda3314-d4f1-11b4-86b4-001b0ec37c9c'
	 73 :   OK                'Shape 74'                       OID '6bdc5aa4-d4f1-11b4-86b4-001b0ec37c9c'
	 74 :   OK                'Shape 75'                       OID '6bde7618-d4f1-11b4-86b4-001b0ec37c9c'
	 75 :   OK                'Shape 76'                       OID '6be0f848-d4f1-11b4-86b4-001b0ec37c9c'
	 76 :   OK                'Shape 77'                       OID '6be33a68-d4f1-11b4-86b4-001b0ec37c9c'
	 77 :   OK                'Shape 78'                       OID '6be65234-d4f1-11b4-86b4-001b0ec37c9c'
	 78 :   OK                'Shape 79'                       OID '6be8870c-d4f1-11b4-86b4-001b0ec37c9c'
	 79 :   OK                'Shape 80'                       OID '6bec6e44-d4f1-11b4-86b4-001b0ec37c9c'
	 80 :   OK                'Shape 81'                       OID '6bf19824-d4f1-11b4-86b4-001b0ec37c9c'
	 81 :   OK                'Shape 82'                       OID '6bf52390-d4f1-11b4-86b4-001b0ec37c9c'
	 82 :   OK                'Shape 83'                       OID '6bf8f09c-d4f1-11b4-86b4-001b0ec37c9c'
	 83 :   OK                'Shape 84'                       OID '6c082fbc-d4f1-11b4-86b4-001b0ec37c9c'
	 84 :   OK                'Shape 85'                       OID '6c0eadd8-d4f1-11b4-86b4-001b0ec37c9c'
	 85 :   OK                'Shape 86'                       OID '6c112c84-d4f1-11b4-86b4-001b0ec37c9c'
	 86 :   OK                'Shape 87'                       OID '6c150f70-d4f1-11b4-86b4-001b0ec37c9c'
	 87 :   OK                'Shape 88'                       OID '6c17ab04-d4f1-11b4-86b4-001b0ec37c9c'
	 88 :   OK                'Shape 89'                       OID '6c1a1628-d4f1-11b4-86b4-001b0ec37c9c'
	 89 :   OK                'Shape 90'                       OID '6c1c85fc-d4f1-11b4-86b4-001b0ec37c9c'
	 90 :   OK                'Shape 91'                       OID '6c1e8618-d4f1-11b4-86b4-001b0ec37c9c'
	 91 :   OK                'Shape 92'                       OID '6c20de18-d4f1-11b4-86b4-001b0ec37c9c'
	 92 :   OK                'Shape 93'                       OID '6c22d984-d4f1-11b4-86b4-001b0ec37c9c'
	 93 :   OK                'Shape 94'                       OID '6c260604-d4f1-11b4-86b4-001b0ec37c9c'
	 94 :   OK                'Shape 95'                       OID '6c281944-d4f1-11b4-86b4-001b0ec37c9c'
	 95 :   OK                'Shape 96'                       OID '6c2a2388-d4f1-11b4-86b4-001b0ec37c9c'
	 96 :   OK                'Shape 97'                       OID '6c2c22dc-d4f1-11b4-86b4-001b0ec37c9c'
	 97 :   OK                'Shape 98'                       OID '6c2f21a8-d4f1-11b4-86b4-001b0ec37c9c'
	 98 :   OK                'Shape 99'                       OID '6c311b20-d4f1-11b4-86b4-001b0ec37c9c'
	 99 :   OK                'Shape 100'                      OID '6c335700-d4f1-11b4-86b4-001b0ec37c9c'
	100 :   OK                'Shape 101'                      OID '6c37ef2c-d4f1-11b4-86b4-001b0ec37c9c'
	101 :   OK                'Shape 102'                      OID '6c3a8804-d4f1-11b4-86b4-001b0ec37c9c'
	102 :   OK                'Shape 103'                      OID '6c3c93d8-d4f1-11b4-86b4-001b0ec37c9c'
	103 :   OK                'Shape 104'                      OID '6c3e789c-d4f1-11b4-86b4-001b0ec37c9c'
	104 :   OK                'Shape 105'                      OID '6c410878-d4f1-11b4-86b4-001b0ec37c9c'
	105 :   OK                'Shape 106'                      OID '6c42fb4c-d4f1-11b4-86b4-001b0ec37c9c'
	106 :   OK                'Shape 107'                      OID '6c45ca0c-d4f1-11b4-86b4-001b0ec37c9c'
	107 :   OK                'Shape 108'                      OID '6c482ef0-d4f1-11b4-86b4-001b0ec37c9c'
	108 :   OK                'Shape 109'                      OID '6c4b759c-d4f1-11b4-86b4-001b0ec37c9c'
	109 :   OK                'Shape 110'                      OID '6c4d73c4-d4f1-11b4-86b4-001b0ec37c9c'
	110 :   OK                'Shape 111'                      OID '6c4fa388-d4f1-11b4-86b4-001b0ec37c9c'
	111 :   OK                'Shape 112'                      OID '6c534470-d4f1-11b4-86b4-001b0ec37c9c'
	112 :   OK                'Shape 113'                      OID '6c55daf0-d4f1-11b4-86b4-001b0ec37c9c'
	113 :   OK                'Shape 114'                      OID '6c57d530-d4f1-11b4-86b4-001b0ec37c9c'
	114 :   OK                'Shape 115'                      OID '6c5ba7b4-d4f1-11b4-86b4-001b0ec37c9c'
	115 :   OK                'Shape 116'                      OID '6c5e3920-d4f1-11b4-86b4-001b0ec37c9c'
	116 :   OK                'Shape 117'                      OID '6c60d1f8-d4f1-11b4-86b4-001b0ec37c9c'
	117 :   OK                'Shape 118'                      OID '6c62e0ec-d4f1-11b4-86b4-001b0ec37c9c'
	118 :   OK                'Shape 119'                      OID '6c64fad0-d4f1-11b4-86b4-001b0ec37c9c'
	119 :   OK                'Shape 120'                      OID '6c66df30-d4f1-11b4-86b4-001b0ec37c9c'
	120 :   OK                'Shape 121'                      OID '6c68ebcc-d4f1-11b4-86b4-001b0ec37c9c'
	121 :   OK                'Shape 122'                      OID '6c6bf0d8-d4f1-11b4-86b4-001b0ec37c9c'
	122 :   OK                'Shape 123'                      OID '6c6f0a98-d4f1-11b4-86b4-001b0ec37c9c'
	123 :   OK                'Shape 124'                      OID '6c711220-d4f1-11b4-86b4-001b0ec37c9c'
	124 :   OK                'Shape 125'                      OID '6c743284-d4f1-11b4-86b4-001b0ec37c9c'
	125 :   OK                'Shape 126'                      OID '6c7b55dc-d4f1-11b4-86b4-001b0ec37c9c'
	126 :   OK                'Shape 127'                      OID '6c7e0e58-d4f1-11b4-86b4-001b0ec37c9c'
	127 :   OK                'Shape 128'                      OID '6c837e88-d4f1-11b4-86b4-001b0ec37c9c'
	128 :   OK                'Shape 129'                      OID '6c862a84-d4f1-11b4-86b4-001b0ec37c9c'
	129 :   OK                'Shape 130'                      OID '6c883c34-d4f1-11b4-86b4-001b0ec37c9c'
	130 :   OK                'Shape 131'                      OID '6c8a0e38-d4f1-11b4-86b4-001b0ec37c9c'
	131 :   OK                'Shape 132'                      OID '6c8caaf8-d4f1-11b4-86b4-001b0ec37c9c'
	132 :   OK                'Shape 133'                      OID '6c91cbdc-d4f1-11b4-86b4-001b0ec37c9c'
	133 :   OK                'Shape 134'                      OID '6c93d238-d4f1-11b4-86b4-001b0ec37c9c'
	134 :   OK                'Shape 135'                      OID '6c9826d0-d4f1-11b4-86b4-001b0ec37c9c'
	135 :   OK                'Shape 136'                      OID '6c9a4cd0-d4f1-11b4-86b4-001b0ec37c9c'
	136 :   OK                'Shape 137'                      OID '6c9cad68-d4f1-11b4-86b4-001b0ec37c9c'
	137 :   OK                'Shape 138'                      OID '6c9e9eac-d4f1-11b4-86b4-001b0ec37c9c'
	138 :   OK                'Shape 139'                      OID '6ca11394-d4f1-11b4-86b4-001b0ec37c9c'
	139 :   OK                'Shape 140'                      OID '6ca30ab4-d4f1-11b4-86b4-001b0ec37c9c'
	140 :   OK                'Shape 141'                      OID '6ca508dc-d4f1-11b4-86b4-001b0ec37c9c'
	141 :   OK                'Shape 142'                      OID '6ca6d694-d4f1-11b4-86b4-001b0ec37c9c'
	142 :   OK                'Shape 143'                      OID '6ca8d96c-d4f1-11b4-86b4-001b0ec37c9c'
	143 :   OK                'Shape 144'                      OID '6caab78c-d4f1-11b4-86b4-001b0ec37c9c'
	144 :   OK                'Shape 145'                      OID '6cad8520-d4f1-11b4-86b4-001b0ec37c9c'
	145 :   OK                'Shape 146'                      OID '6caf7470-d4f1-11b4-86b4-001b0ec37c9c'
	146 :   OK                'Shape 147'                      OID '6cb1a1dc-d4f1-11b4-86b4-001b0ec37c9c'
	147 :   OK                'Shape 148'                      OID '6cb4c04c-d4f1-11b4-86b4-001b0ec37c9c'
	148 :   OK                'Shape 149'                      OID '6cb69f34-d4f1-11b4-86b4-001b0ec37c9c'
	149 :   OK                'Shape 150'                      OID '6cb86bc0-d4f1-11b4-86b4-001b0ec37c9c'
	150 :   OK                'Shape 151'                      OID '6cbb3bac-d4f1-11b4-86b4-001b0ec37c9c'
	151 :   OK                'Shape 152'                      OID '6cbd39d4-d4f1-11b4-86b4-001b0ec37c9c'
	152 :   OK                'Shape 153'                      OID '6cbf0bd8-d4f1-11b4-86b4-001b0ec37c9c'
	153 :   OK                'Shape 154'                      OID '6cc2660c-d4f1-11b4-86b4-001b0ec37c9c'
	154 :   OK                'Shape 155'                      OID '6cc46e5c-d4f1-11b4-86b4-001b0ec37c9c'
	155 :   OK                'Shape 156'                      OID '6cc6350c-d4f1-11b4-86b4-001b0ec37c9c'
	156 :   OK                'Shape 157'                      OID '6cc838ac-d4f1-11b4-86b4-001b0ec37c9c'
	157 :   OK                'Shape 158'                      OID '6cca1e9c-d4f1-11b4-86b4-001b0ec37c9c'
	158 :   OK                'Shape 159'                      OID '6ccc4d34-d4f1-11b4-86b4-001b0ec37c9c'
	159 :   OK                'Shape 160'                      OID '6cce1c18-d4f1-11b4-86b4-001b0ec37c9c'
	160 :   OK                'Shape 161'                      OID '6ccfdaf8-d4f1-11b4-86b4-001b0ec37c9c'
	161 :   OK                'Shape 162'                      OID '6cd2015c-d4f1-11b4-86b4-001b0ec37c9c'
	162 :   OK                'Shape 163'                      OID '6cd3e42c-d4f1-11b4-86b4-001b0ec37c9c'
	163 :   OK                'Shape 164'                      OID '6cd5dd40-d4f1-11b4-86b4-001b0ec37c9c'
	164 :   OK                'Shape 165'                      OID '6cd78ed8-d4f1-11b4-86b4-001b0ec37c9c'
	165 :   OK                'Shape 166'                      OID '6cd975f4-d4f1-11b4-86b4-001b0ec37c9c'
	166 :   OK                'Shape 167'                      OID '6ce31a50-d4f1-11b4-86b4-001b0ec37c9c'
	167 :   OK                'Shape 168'                      OID '6ce4e934-d4f1-11b4-86b4-001b0ec37c9c'
	168 :   OK                'Shape 169'                      OID '6ce6ed9c-d4f1-11b4-86b4-001b0ec37c9c'
	169 :   OK                'Shape 170'                      OID '6ce9071c-d4f1-11b4-86b4-001b0ec37c9c'
	170 :   OK                'Shape 171'                      OID '6ceb08c8-d4f1-11b4-86b4-001b0ec37c9c'
	171 :   OK                'Shape 172'                      OID '6cee74f4-d4f1-11b4-86b4-001b0ec37c9c'
	172 :   OK                'Shape 173'                      OID '6cf06c78-d4f1-11b4-86b4-001b0ec37c9c'
	173 :   OK                'Shape 174'                      OID '6cf404c8-d4f1-11b4-86b4-001b0ec37c9c'
	174 :   OK                'Shape 175'                      OID '6cf768c0-d4f1-11b4-86b4-001b0ec37c9c'
	175 :   OK                'Shape 176'                      OID '6cf94e4c-d4f1-11b4-86b4-001b0ec37c9c'
	176 :   OK                'Shape 177'                      OID '6cfba19c-d4f1-11b4-86b4-001b0ec37c9c'
	177 :   OK                'Shape 178'                      OID '6cfd7f58-d4f1-11b4-86b4-001b0ec37c9c'
	178 :   OK                'Shape 179'                      OID '6cff3730-d4f1-11b4-86b4-001b0ec37c9c'
	179 :   OK                'Shape 180'                      OID '6d022788-d4f1-11b4-86b4-001b0ec37c9c'
	180 :   OK                'Shape 181'                      OID '6d03e85c-d4f1-11b4-86b4-001b0ec37c9c'
	181 :   OK                'Shape 182'                      OID '6d0592ec-d4f1-11b4-86b4-001b0ec37c9c'
	182 :   OK                'Shape 183'                      OID '6d082cf0-d4f1-11b4-86b4-001b0ec37c9c'
	183 :   OK                'Shape 184'                      OID '6d0a56d8-d4f1-11b4-86b4-001b0ec37c9c'
	184 :   OK                'Shape 185'                      OID '6d0c0294-d4f1-11b4-86b4-001b0ec37c9c'
	185 :   OK                'Shape 186'                      OID '6d0f7758-d4f1-11b4-86b4-001b0ec37c9c'
	186 :   OK                'Shape 187'                      OID '6d112698-d4f1-11b4-86b4-001b0ec37c9c'
	187 :   OK                'Shape 188'                      OID '6d12e258-d4f1-11b4-86b4-001b0ec37c9c'
	188 :   OK                'Shape 189'                      OID '6d150bdc-d4f1-11b4-86b4-001b0ec37c9c'
	189 :   OK                'Shape 190'                      OID '6d16e678-d4f1-11b4-86b4-001b0ec37c9c'
	190 :   OK                'Shape 191'                      OID '6d1892fc-d4f1-11b4-86b4-001b0ec37c9c'
	191 :   OK                'Shape 192'                      OID '6d1a69b0-d4f1-11b4-86b4-001b0ec37c9c'
	192 :   OK                'Shape 193'                      OID '6d1ca590-d4f1-11b4-86b4-001b0ec37c9c'
	193 :   OK                'Shape 194'                      OID '6d1fd594-d4f1-11b4-86b4-001b0ec37c9c'
	194 :   OK                'Shape 195'                      OID '6d21ff18-d4f1-11b4-86b4-001b0ec37c9c'
	195 :   OK                'Shape 196'                      OID '6d23c9b0-d4f1-11b4-86b4-001b0ec37c9c'
	196 :   OK                'Shape 197'                      OID '6d273b54-d4f1-11b4-86b4-001b0ec37c9c'
	197 :   OK                'Shape 198'                      OID '6d29a740-d4f1-11b4-86b4-001b0ec37c9c'
	198 :   OK                'Shape 199'                      OID '6d2c407c-d4f1-11b4-86b4-001b0ec37c9c'
	199 :   OK                'Shape 200'                      OID '6d2dda40-d4f1-11b4-86b4-001b0ec37c9c'
	200 :   OK                'Shape 201'                      OID '6d2f5fb4-d4f1-11b4-86b4-001b0ec37c9c'
	201 :   OK                'Shape 202'                      OID '6d310530-d4f1-11b4-86b4-001b0ec37c9c'
	202 :   OK                'Shape 203'                      OID '6d32afc0-d4f1-11b4-86b4-001b0ec37c9c'
	203 :   OK                'Shape 204'                      OID '6d348098-d4f1-11b4-86b4-001b0ec37c9c'
	204 :   OK                'Shape 205'                      OID '6d37fad4-d4f1-11b4-86b4-001b0ec37c9c'
	205 :   OK                'Shape 206'                      OID '6d399178-d4f1-11b4-86b4-001b0ec37c9c'
	206 :   OK                'Shape 207'                      OID '6d3b3500-d4f1-11b4-86b4-001b0ec37c9c'
	207 :   OK                'Shape 208'                      OID '6d3cb628-d4f1-11b4-86b4-001b0ec37c9c'
	208 :   OK                'Shape 209'                      OID '6d3e3430-d4f1-11b4-86b4-001b0ec37c9c'
	209 :   OK                'Shape 210'                      OID '6d4002b0-d4f1-11b4-86b4-001b0ec37c9c'
	210 :   OK                'Shape 211'                      OID '6d4182ac-d4f1-11b4-86b4-001b0ec37c9c'
	211 :   OK                'Shape 212'                      OID '6d4314a0-d4f1-11b4-86b4-001b0ec37c9c'
	212 :   OK                'Shape 213'                      OID '6d45821c-d4f1-11b4-86b4-001b0ec37c9c'
	213 :   OK                'Shape 214'                      OID '6d470088-d4f1-11b4-86b4-001b0ec37c9c'
	214 :   OK                'Shape 215'                      OID '6d48a21c-d4f1-11b4-86b4-001b0ec37c9c'
	215 :   OK                'Shape 216'                      OID '6d4be92c-d4f1-11b4-86b4-001b0ec37c9c'
	216 :   OK                'Shape 217'                      OID '6d4dbeb4-d4f1-11b4-86b4-001b0ec37c9c'
	217 :   OK                'Shape 218'                      OID '6d4f4dec-d4f1-11b4-86b4-001b0ec37c9c'
	218 :   OK                'Shape 219'                      OID '6d50edf0-d4f1-11b4-86b4-001b0ec37c9c'
	219 :   OK                'Shape 220'                      OID '6d527940-d4f1-11b4-86b4-001b0ec37c9c'
	220 :   OK                'Shape 221'                      OID '6d556740-d4f1-11b4-86b4-001b0ec37c9c'
	221 :   OK                'Shape 222'                      OID '6d56e994-d4f1-11b4-86b4-001b0ec37c9c'
	222 :   OK                'Shape 223'                      OID '6d589294-d4f1-11b4-86b4-001b0ec37c9c'
	223 :   OK                'Shape 224'                      OID '6d5b2144-d4f1-11b4-86b4-001b0ec37c9c'
	224 :   OK                'Shape 225'                      OID '6d5cbaa4-d4f1-11b4-86b4-001b0ec37c9c'
	225 :   OK                'Shape 226'                      OID '6d5e7920-d4f1-11b4-86b4-001b0ec37c9c'
	226 :   OK                'Shape 227'                      OID '6d5ff91c-d4f1-11b4-86b4-001b0ec37c9c'
	227 :   OK                'Shape 228'                      OID '6d61a0f0-d4f1-11b4-86b4-001b0ec37c9c'
	228 :   OK                'Shape 229'                      OID '6d67638c-d4f1-11b4-86b4-001b0ec37c9c'
	229 :   OK                'Shape 230'                      OID '6d6d524c-d4f1-11b4-86b4-001b0ec37c9c'
	230 :   OK                'Shape 231'                      OID '6d6ef700-d4f1-11b4-86b4-001b0ec37c9c'
	231 :   OK                'Shape 232'                      OID '6d708e08-d4f1-11b4-86b4-001b0ec37c9c'
	232 :   OK                'Shape 233'                      OID '6d72a5f8-d4f1-11b4-86b4-001b0ec37c9c'
	233 :   OK                'Shape 234'                      OID '6d743594-d4f1-11b4-86b4-001b0ec37c9c'
	234 :   OK                'Shape 235'                      OID '6d75b4c8-d4f1-11b4-86b4-001b0ec37c9c'
	235 :   OK                'Shape 236'                      OID '6d7b1ad0-d4f1-11b4-86b4-001b0ec37c9c'
	236 :   OK                'Shape 237'                      OID '6d826790-d4f1-11b4-86b4-001b0ec37c9c'
	237 :   OK                'Shape 238'                      OID '6d846874-d4f1-11b4-86b4-001b0ec37c9c'
	238 :   OK                'Shape 239'                      OID '6d861b38-d4f1-11b4-86b4-001b0ec37c9c'
	239 :   OK                'Shape 240'                      OID '6d87a1d8-d4f1-11b4-86b4-001b0ec37c9c'
	240 :   OK                'Shape 241'                      OID '6d892364-d4f1-11b4-86b4-001b0ec37c9c'
	241 :   OK                'Shape 242'                      OID '6d8acfe8-d4f1-11b4-86b4-001b0ec37c9c'
	242 :   OK                'Shape 243'                      OID '6d8c60b0-d4f1-11b4-86b4-001b0ec37c9c'
	243 :   OK                'Shape 244'                      OID '6d8df81c-d4f1-11b4-86b4-001b0ec37c9c'
	244 :   OK                'Shape 245'                      OID '6d90c100-d4f1-11b4-86b4-001b0ec37c9c'
	245 :   OK                'Shape 246'                      OID '6d929048-d4f1-11b4-86b4-001b0ec37c9c'
	246 :   OK                'Shape 247'                      OID '6d943754-d4f1-11b4-86b4-001b0ec37c9c'
	247 :   OK                'Shape 248'                      OID '6d95b750-d4f1-11b4-86b4-001b0ec37c9c'
	248 :   OK                'Shape 249'                      OID '6d974174-d4f1-11b4-86b4-001b0ec37c9c'
	249 :   OK                'Shape 250'                      OID '6d98d7b4-d4f1-11b4-86b4-001b0ec37c9c'
	250 :   OK                'Shape 251'                      OID '6d9bb1c8-d4f1-11b4-86b4-001b0ec37c9c'
	251 :   OK                'Shape 252'                      OID '6d9da820-d4f1-11b4-86b4-001b0ec37c9c'
	252 :   OK                'Shape 253'                      OID '6d9fa83c-d4f1-11b4-86b4-001b0ec37c9c'
	253 :   OK                'Shape 254'                      OID '6da27da0-d4f1-11b4-86b4-001b0ec37c9c'
	254 :   OK                'Shape 255'                      OID '6da5c000-d4f1-11b4-86b4-001b0ec37c9c'
	255 :   OK                'Shape 256'                      OID '6da8f70c-d4f1-11b4-86b4-001b0ec37c9c'
	256 :   OK                'Shape 257'                      OID '6dab0088-d4f1-11b4-86b4-001b0ec37c9c'
	257 :   OK                'Shape 258'                      OID '6def35dc-d4f1-11b4-86b4-001b0ec37c9c'
	258 :   OK                'Shape 259'                      OID '6df1da6c-d4f1-11b4-86b4-001b0ec37c9c'
	259 :   OK                'Shape 260'                      OID '6df39cd0-d4f1-11b4-86b4-001b0ec37c9c'
	260 :   OK                'Shape 261'                      OID '6df6059c-d4f1-11b4-86b4-001b0ec37c9c'
	261 :   OK                'Shape 262'                      OID '6df7b02c-d4f1-11b4-86b4-001b0ec37c9c'
	262 :   OK                'Shape 263'                      OID '6df96548-d4f1-11b4-86b4-001b0ec37c9c'
	263 :   OK                'Shape 264'                      OID '6dfcdebc-d4f1-11b4-86b4-001b0ec37c9c'
	264 :   OK                'Shape 265'                      OID '6dff258c-d4f1-11b4-86b4-001b0ec37c9c'
	265 :   OK                'Shape 266'                      OID '6e01a8e8-d4f1-11b4-86b4-001b0ec37c9c'
	266 :   OK                'Shape 267'                      OID '6e03d5f0-d4f1-11b4-86b4-001b0ec37c9c'
	267 :   OK                'Shape 268'                      OID '6e06161c-d4f1-11b4-86b4-001b0ec37c9c'
	268 :   OK                'Shape 269'                      OID '6e09555c-d4f1-11b4-86b4-001b0ec37c9c'
	269 :   OK                'Shape 270'                      OID '6e0c45b4-d4f1-11b4-86b4-001b0ec37c9c'
	270 :   OK                'Shape 271'                      OID '6e0dc7a4-d4f1-11b4-86b4-001b0ec37c9c'
	271 :   OK                'Shape 272'                      OID '6e0f4548-d4f1-11b4-86b4-001b0ec37c9c'
	272 :   OK                'Shape 273'                      OID '6e10c670-d4f1-11b4-86b4-001b0ec37c9c'
	273 :   OK                'Shape 274'                      OID '6e124414-d4f1-11b4-86b4-001b0ec37c9c'
	274 :   OK                'Shape 275'                      OID '6e144624-d4f1-11b4-86b4-001b0ec37c9c'
	275 :   OK                'Shape 276'                      OID '6e15c0a8-d4f1-11b4-86b4-001b0ec37c9c'
	276 :   OK                'Shape 277'                      OID '6e173c58-d4f1-11b4-86b4-001b0ec37c9c'
	277 :   OK                'Shape 278'                      OID '6e18d748-d4f1-11b4-86b4-001b0ec37c9c'
	278 :   OK                'Shape 279'                      OID '6e1adbb0-d4f1-11b4-86b4-001b0ec37c9c'
	279 :   OK                'Shape 280'                      OID '6e1c7704-d4f1-11b4-86b4-001b0ec37c9c'
	280 :   OK                'Shape 281'                      OID '6e1e4714-d4f1-11b4-86b4-001b0ec37c9c'
	281 :   OK                'Shape 282'                      OID '6e2165e8-d4f1-11b4-86b4-001b0ec37c9c'
	282 :   OK                'Shape 283'                      OID '6e230524-d4f1-11b4-86b4-001b0ec37c9c'
	283 :   OK                'Shape 284'                      OID '6e25becc-d4f1-11b4-86b4-001b0ec37c9c'
	284 :   OK                'Shape 285'                      OID '6e273f90-d4f1-11b4-86b4-001b0ec37c9c'
	285 :   OK                'Shape 286'                      OID '6e2af07c-d4f1-11b4-86b4-001b0ec37c9c'
	286 :   OK                'Shape 287'                      OID '6e2c94cc-d4f1-11b4-86b4-001b0ec37c9c'
	287 :   OK                'Shape 288'                      OID '6e2e0fb4-d4f1-11b4-86b4-001b0ec37c9c'
	288 :   OK                'Shape 289'                      OID '6e2f8650-d4f1-11b4-86b4-001b0ec37c9c'
	289 :   OK                'Shape 290'                      OID '6e30f9cc-d4f1-11b4-86b4-001b0ec37c9c'
	290 :   OK                'Shape 291'                      OID '6e330f00-d4f1-11b4-86b4-001b0ec37c9c'
	291 :   OK                'Shape 292'                      OID '6e34c41c-d4f1-11b4-86b4-001b0ec37c9c'
	292 :   OK                'Shape 293'                      OID '6e38b518-d4f1-11b4-86b4-001b0ec37c9c'
	293 :   OK                'Shape 294'                      OID '6e3c48b8-d4f1-11b4-86b4-001b0ec37c9c'
	294 :   OK                'Shape 295'                      OID '6e3e0b1c-d4f1-11b4-86b4-001b0ec37c9c'
	295 :   OK                'Shape 296'                      OID '6e411f64-d4f1-11b4-86b4-001b0ec37c9c'
	296 :   OK                'Shape 297'                      OID '6e429e34-d4f1-11b4-86b4-001b0ec37c9c'
	297 :   OK                'way_408599414'                  OID '45182fe8-d5b8-11b4-86b4-001b0ec37c9c'
	298 :   OK                'way_32382767'                   OID '451e3168-d5b8-11b4-86b4-001b0ec37c9c'
	299 :   OK                'way_33050496'                   OID '45214c54-d5b8-11b4-86b4-001b0ec37c9c'
	300 :   OK                'way_31547992'                   OID '45280c74-d5b8-11b4-86b4-001b0ec37c9c'
	301 :   OK                'way_390575332'                  OID '452b14a0-d5b8-11b4-86b4-001b0ec37c9c'
	302 :   OK                'way_408630742'                  OID '452e8194-d5b8-11b4-86b4-001b0ec37c9c'
	303 :   OK                'way_225659234'                  OID '4531cc8c-d5b8-11b4-86b4-001b0ec37c9c'
	304 :   OK                'way_31480538'                   OID '4536db78-d5b8-11b4-86b4-001b0ec37c9c'
	305 :   OK                'way_395458240'                  OID '45396c80-d5b8-11b4-86b4-001b0ec37c9c'
	306 :   OK                'way_391038814'                  OID '453f6054-d5b8-11b4-86b4-001b0ec37c9c'
	307 :   OK                'way_390575320'                  OID '4541ed10-d5b8-11b4-86b4-001b0ec37c9c'
	308 :   OK                'way_31530403'                   OID '45487d24-d5b8-11b4-86b4-001b0ec37c9c'
	309 :   OK                'way_405659378'                  OID '454b4798-d5b8-11b4-86b4-001b0ec37c9c'
	310 :   OK                'way_328431393'                  OID '454e8610-d5b8-11b4-86b4-001b0ec37c9c'
	311 :   OK                'way_390227363'                  OID '45513464-d5b8-11b4-86b4-001b0ec37c9c'
	312 :   OK                'way_336123461'                  OID '4553be64-d5b8-11b4-86b4-001b0ec37c9c'
	313 :   OK                'way_387452961'                  OID '455688d8-d5b8-11b4-86b4-001b0ec37c9c'
	314 :   OK                'way_110992741'                  OID '455c9a5c-d5b8-11b4-86b4-001b0ec37c9c'
	315 :   OK                'way_398892111'                  OID '455f1b60-d5b8-11b4-86b4-001b0ec37c9c'
	316 :   OK                'way_31530507'                   OID '45619ebc-d5b8-11b4-86b4-001b0ec37c9c'
	317 :   OK                'way_390219140'                  OID '456455a8-d5b8-11b4-86b4-001b0ec37c9c'
	318 :   OK                'way_31479174'                   OID '4567eba0-d5b8-11b4-86b4-001b0ec37c9c'
	319 :   OK                'way_177146670'                  OID '456a785c-d5b8-11b4-86b4-001b0ec37c9c'
	320 :   OK                'way_32382778'                   OID '456e2434-d5b8-11b4-86b4-001b0ec37c9c'
	321 :   OK                'way_110992753'                  OID '4572a360-d5b8-11b4-86b4-001b0ec37c9c'
	322 :   OK                'way_31546777'                   OID '457531ac-d5b8-11b4-86b4-001b0ec37c9c'
	323 :   OK                'way_31480533'                   OID '4577f6a8-d5b8-11b4-86b4-001b0ec37c9c'
	324 :   OK                'way_31479444'                   OID '45810e64-d5b8-11b4-86b4-001b0ec37c9c'
	325 :   OK                'way_390575324'                  OID '45844c14-d5b8-11b4-86b4-001b0ec37c9c'
	326 :   OK                'way_31530366'                   OID '458a3368-d5b8-11b4-86b4-001b0ec37c9c'
	327 :   OK                'way_390296052'                  OID '45956e04-d5b8-11b4-86b4-001b0ec37c9c'
	328 :   OK                'way_405659382'                  OID '45981bf4-d5b8-11b4-86b4-001b0ec37c9c'
	329 :   OK                'way_390575316'                  OID '459abaa8-d5b8-11b4-86b4-001b0ec37c9c'
	330 :   OK                'way_405659389'                  OID '459d9db8-d5b8-11b4-86b4-001b0ec37c9c'
	331 :   OK                'way_395458241'                  OID '45a34e5c-d5b8-11b4-86b4-001b0ec37c9c'
	332 :   OK                'way_395458234'                  OID '45a88e1c-d5b8-11b4-86b4-001b0ec37c9c'
	333 :   OK                'way_31530389'                   OID '45ab3054-d5b8-11b4-86b4-001b0ec37c9c'
	334 :   OK                'way_391525272'                  OID '45ada9ec-d5b8-11b4-86b4-001b0ec37c9c'
	335 :   OK                'way_31530385'                   OID '45b0fbec-d5b8-11b4-86b4-001b0ec37c9c'
	336 :   OK                'way_110992731'                  OID '45b4c63c-d5b8-11b4-86b4-001b0ec37c9c'
	337 :   OK                'way_391038822'                  OID '45b75e4c-d5b8-11b4-86b4-001b0ec37c9c'
	338 :   OK                'way_391156001'                  OID '45bb0510-d5b8-11b4-86b4-001b0ec37c9c'
	339 :   OK                'way_390324812'                  OID '45c1e858-d5b8-11b4-86b4-001b0ec37c9c'
	340 :   OK                'ETH HCP'                        OID '45c49ee0-d5b8-11b4-86b4-001b0ec37c9c'
	341 :   OK                'way_391525598'                  OID '45c75c70-d5b8-11b4-86b4-001b0ec37c9c'
	342 :   OK                'way_31480814'                   OID '45ca009c-d5b8-11b4-86b4-001b0ec37c9c'
	343 :   OK                'way_391038823'                  OID '45cd2808-d5b8-11b4-86b4-001b0ec37c9c'
	344 :   OK                'way_391038825'                  OID '45d0de6c-d5b8-11b4-86b4-001b0ec37c9c'
	345 :   OK                'way_31479177'                   OID '45d52f80-d5b8-11b4-86b4-001b0ec37c9c'
	346 :   OK                'way_28276661'                   OID '45d9798c-d5b8-11b4-86b4-001b0ec37c9c'
	347 :   OK                'way_28585963'                   OID '45e148c4-d5b8-11b4-86b4-001b0ec37c9c'
	348 :   OK                'way_225659235'                  OID '45e41590-d5b8-11b4-86b4-001b0ec37c9c'
	349 :   OK                'way_408599419'                  OID '45e6b7c8-d5b8-11b4-86b4-001b0ec37c9c'
	350 :   OK                'way_31530493'                   OID '45e91be4-d5b8-11b4-86b4-001b0ec37c9c'
	351 :   OK                'way_20457118'                   OID '45ec8b94-d5b8-11b4-86b4-001b0ec37c9c'
	352 :   OK                'way_390296051'                  OID '45f10610-d5b8-11b4-86b4-001b0ec37c9c'
	353 :   OK                'way_391525270'                  OID '45f38778-d5b8-11b4-86b4-001b0ec37c9c'
	354 :   OK                'way_391155994'                  OID '45f60fe8-d5b8-11b4-86b4-001b0ec37c9c'
	355 :   OK                'way_31530497'                   OID '45f88084-d5b8-11b4-86b4-001b0ec37c9c'
	356 :   OK                'way_31530381'                   OID '45fb3644-d5b8-11b4-86b4-001b0ec37c9c'
	357 :   OK                'way_27840717'                   OID '4600c744-d5b8-11b4-86b4-001b0ec37c9c'
	358 :   OK                'way_395458236'                  OID '4604dcf8-d5b8-11b4-86b4-001b0ec37c9c'
	359 :   OK                'way_405659387'                  OID '46118728-d5b8-11b4-86b4-001b0ec37c9c'
	360 :   OK                'way_328431391'                  OID '46150934-d5b8-11b4-86b4-001b0ec37c9c'
	361 :   OK                'way_31479181'                   OID '461d7380-d5b8-11b4-86b4-001b0ec37c9c'
	362 :   OK                'way_31480805'                   OID '4622c858-d5b8-11b4-86b4-001b0ec37c9c'
	363 :   OK                'way_31530378'                   OID '462592cc-d5b8-11b4-86b4-001b0ec37c9c'
	364 :   OK                'way_390227361'                  OID '462866a0-d5b8-11b4-86b4-001b0ec37c9c'
	365 :   OK                'way_27938509'                   OID '462ac738-d5b8-11b4-86b4-001b0ec37c9c'
	366 :   OK                'way_31547675'                   OID '462d52c8-d5b8-11b4-86b4-001b0ec37c9c'
	367 :   OK                'way_31479761'                   OID '462ff3d4-d5b8-11b4-86b4-001b0ec37c9c'
	368 :   OK                'way_42155591'                   OID '46378f7c-d5b8-11b4-86b4-001b0ec37c9c'
	369 :   OK                'way_27938510'                   OID '464285bc-d5b8-11b4-86b4-001b0ec37c9c'
	370 :   OK                'way_31530384'                   OID '4649011c-d5b8-11b4-86b4-001b0ec37c9c'
	371 :   OK                'way_27840724'                   OID '464b640c-d5b8-11b4-86b4-001b0ec37c9c'
	372 :   OK                'way_395458237'                  OID '464e4c94-d5b8-11b4-86b4-001b0ec37c9c'
	373 :   OK                'way_225659233'                  OID '4653b558-d5b8-11b4-86b4-001b0ec37c9c'
	374 :   OK                'way_31480540'                   OID '46570ec4-d5b8-11b4-86b4-001b0ec37c9c'
	375 :   OK                'way_390576403'                  OID '465952d8-d5b8-11b4-86b4-001b0ec37c9c'
	376 :   OK                'way_390324797'                  OID '465f0700-d5b8-11b4-86b4-001b0ec37c9c'
	377 :   OK                'way_31530528'                   OID '46619cb8-d5b8-11b4-86b4-001b0ec37c9c'
	378 :   OK                'way_390575327'                  OID '4663ffa8-d5b8-11b4-86b4-001b0ec37c9c'
	379 :   OK                'way_408608338'                  OID '46671710-d5b8-11b4-86b4-001b0ec37c9c'
	380 :   OK                'way_110992747'                  OID '4669893c-d5b8-11b4-86b4-001b0ec37c9c'
	381 :   OK                'way_31479760'                   OID '466be330-d5b8-11b4-86b4-001b0ec37c9c'
	382 :   OK                'way_33050499'                   OID '466e4a08-d5b8-11b4-86b4-001b0ec37c9c'
	383 :   OK                'way_31530375'                   OID '4670d3a4-d5b8-11b4-86b4-001b0ec37c9c'
	384 :   OK                'way_31479176'                   OID '46734508-d5b8-11b4-86b4-001b0ec37c9c'
	385 :   OK                'way_391045688'                  OID '467a2c9c-d5b8-11b4-86b4-001b0ec37c9c'
	386 :   OK                'way_408608346'                  OID '467c8d98-d5b8-11b4-86b4-001b0ec37c9c'
	387 :   OK                'way_33050495'                   OID '467eedcc-d5b8-11b4-86b4-001b0ec37c9c'
	388 :   OK                'way_28585970'                   OID '4681b96c-d5b8-11b4-86b4-001b0ec37c9c'
	389 :   OK                'way_31547990'                   OID '46849768-d5b8-11b4-86b4-001b0ec37c9c'
	390 :   OK                'way_390324814'                  OID '46878cd4-d5b8-11b4-86b4-001b0ec37c9c'
	391 :   OK                'way_390575330'                  OID '4689e664-d5b8-11b4-86b4-001b0ec37c9c'
	392 :   OK                'way_31480797'                   OID '468c569c-d5b8-11b4-86b4-001b0ec37c9c'
	393 :   OK                'way_33050488'                   OID '468ecea4-d5b8-11b4-86b4-001b0ec37c9c'
	394 :   OK                'way_405659384'                  OID '46916bc8-d5b8-11b4-86b4-001b0ec37c9c'
	395 :   OK                'way_31530393'                   OID '469474bc-d5b8-11b4-86b4-001b0ec37c9c'
	396 :   OK                'way_33050491'                   OID '4696d298-d5b8-11b4-86b4-001b0ec37c9c'
	397 :   OK                'way_391155997'                  OID '46998858-d5b8-11b4-86b4-001b0ec37c9c'
	398 :   OK                'Reservoir Waidberg'             OID '469bf9bc-d5b8-11b4-86b4-001b0ec37c9c'
	399 :   OK                'way_408804775'                  OID '469f5b5c-d5b8-11b4-86b4-001b0ec37c9c'
	400 :   OK                'way_32382785'                   OID '46a1e7b4-d5b8-11b4-86b4-001b0ec37c9c'
	401 :   OK                'way_27840714'                   OID '46a79bdc-d5b8-11b4-86b4-001b0ec37c9c'
	402 :   OK                'way_405659391'                  OID '46aac154-d5b8-11b4-86b4-001b0ec37c9c'
	403 :   OK                'way_330607517'                  OID '46ad6008-d5b8-11b4-86b4-001b0ec37c9c'
	404 :   OK                'way_27840713'                   OID '46b02c0c-d5b8-11b4-86b4-001b0ec37c9c'
	405 :   OK                'way_408695841'                  OID '46b4aa0c-d5b8-11b4-86b4-001b0ec37c9c'
	406 :   OK                'way_31530495'                   OID '46b77930-d5b8-11b4-86b4-001b0ec37c9c'
	407 :   OK                'way_31530398'                   OID '46b9dbbc-d5b8-11b4-86b4-001b0ec37c9c'
	408 :   OK                'way_110992751'                  OID '46bc3740-d5b8-11b4-86b4-001b0ec37c9c'
	409 :   OK                'way_398890483'                  OID '46be91fc-d5b8-11b4-86b4-001b0ec37c9c'
	410 :   OK                'way_408608349'                  OID '46c10680-d5b8-11b4-86b4-001b0ec37c9c'
	411 :   OK                'way_31479762'                   OID '46c37fb4-d5b8-11b4-86b4-001b0ec37c9c'
	412 :   OK                'way_110992749'                  OID '46c5d048-d5b8-11b4-86b4-001b0ec37c9c'
	413 :   OK                'way_390575322'                  OID '46c8352c-d5b8-11b4-86b4-001b0ec37c9c'
	414 :   OK                'way_336123462'                  OID '46caa564-d5b8-11b4-86b4-001b0ec37c9c'
	415 :   OK                'way_408608341'                  OID '46cd3b1c-d5b8-11b4-86b4-001b0ec37c9c'
	416 :   OK                'way_408630734'                  OID '46cfe6b4-d5b8-11b4-86b4-001b0ec37c9c'
	417 :   OK                'way_390324810'                  OID '46d2bc18-d5b8-11b4-86b4-001b0ec37c9c'
	418 :   OK                'way_408804765'                  OID '46d57944-d5b8-11b4-86b4-001b0ec37c9c'
	419 :   OK                'way_28585971'                   OID '46d85164-d5b8-11b4-86b4-001b0ec37c9c'
	420 :   OK                'way_31480539'                   OID '46db916c-d5b8-11b4-86b4-001b0ec37c9c'
	421 :   OK                'way_390575318'                  OID '46ddedb8-d5b8-11b4-86b4-001b0ec37c9c'
	422 :   OK                'way_390575336'                  OID '46e17f00-d5b8-11b4-86b4-001b0ec37c9c'
	423 :   OK                'way_387452960'                  OID '46e71af0-d5b8-11b4-86b4-001b0ec37c9c'
	424 :   OK                'way_31530405'                   OID '46e98678-d5b8-11b4-86b4-001b0ec37c9c'
	425 :   OK                'way_408608335'                  OID '46ec04c0-d5b8-11b4-86b4-001b0ec37c9c'
	426 :   OK                'way_177146674'                  OID '46efd294-d5b8-11b4-86b4-001b0ec37c9c'
	427 :   OK                'way_20457119'                   OID '46f33ec0-d5b8-11b4-86b4-001b0ec37c9c'
	428 :   OK                'way_110992735'                  OID '46f8156c-d5b8-11b4-86b4-001b0ec37c9c'
	429 :   OK                'way_177146642'                  OID '46fa9800-d5b8-11b4-86b4-001b0ec37c9c'
	430 :   OK                'way_31480115'                   OID '46fd8790-d5b8-11b4-86b4-001b0ec37c9c'
	431 :   OK                'way_177146673'                  OID '4702cb38-d5b8-11b4-86b4-001b0ec37c9c'
	432 :   OK                'way_408804774'                  OID '47058ea4-d5b8-11b4-86b4-001b0ec37c9c'
	433 :   OK                'way_31479442'                   OID '4708e298-d5b8-11b4-86b4-001b0ec37c9c'
	434 :   OK                'way_395458235'                  OID '470c7764-d5b8-11b4-86b4-001b0ec37c9c'
	435 :   OK                'way_31480532'                   OID '4710841c-d5b8-11b4-86b4-001b0ec37c9c'
	436 :   OK                'way_405549810'                  OID '47131c2c-d5b8-11b4-86b4-001b0ec37c9c'
	437 :   OK                'way_391155996'                  OID '47159948-d5b8-11b4-86b4-001b0ec37c9c'
	438 :   OK                'way_31480809'                   OID '471827f8-d5b8-11b4-86b4-001b0ec37c9c'
	439 :   OK                'way_408608332'                  OID '471ab838-d5b8-11b4-86b4-001b0ec37c9c'
	440 :   OK                'way_390575328'                  OID '471dce10-d5b8-11b4-86b4-001b0ec37c9c'
	441 :   OK                'way_390296053'                  OID '47208434-d5b8-11b4-86b4-001b0ec37c9c'
	442 :   OK                'way_390324817'                  OID '4722e01c-d5b8-11b4-86b4-001b0ec37c9c'
	443 :   OK                'way_31530402'                   OID '47253880-d5b8-11b4-86b4-001b0ec37c9c'
	444 :   OK                'way_408804770'                  OID '47285434-d5b8-11b4-86b4-001b0ec37c9c'
	445 :   OK                'way_31530382'                   OID '472af4dc-d5b8-11b4-86b4-001b0ec37c9c'
	446 :   OK                'way_391038815'                  OID '472e981c-d5b8-11b4-86b4-001b0ec37c9c'
	447 :   OK                'way_31530506'                   OID '47310534-d5b8-11b4-86b4-001b0ec37c9c'
	448 :   OK                'way_408804766'                  OID '4733dbc4-d5b8-11b4-86b4-001b0ec37c9c'
	449 :   OK                'way_328431392'                  OID '47382698-d5b8-11b4-86b4-001b0ec37c9c'
	450 :   OK                'way_395458238'                  OID '473a8be0-d5b8-11b4-86b4-001b0ec37c9c'
	451 :   OK                'way_408804768'                  OID '473ddbec-d5b8-11b4-86b4-001b0ec37c9c'
	452 :   OK                'way_42155601'                   OID '4740726c-d5b8-11b4-86b4-001b0ec37c9c'
	453 :   OK                'way_398892109'                  OID '4742cf1c-d5b8-11b4-86b4-001b0ec37c9c'
	454 :   OK                'way_408608361'                  OID '47452e24-d5b8-11b4-86b4-001b0ec37c9c'
	455 :   OK                'way_391525271'                  OID '47478b38-d5b8-11b4-86b4-001b0ec37c9c'
	456 :   OK                'way_675795979'                  OID '474a9b34-d5b8-11b4-86b4-001b0ec37c9c'
	457 :   OK                'way_27840719'                   OID '474d7994-d5b8-11b4-86b4-001b0ec37c9c'
	458 :   OK                'ETH HCP'                        OID '474ff070-d5b8-11b4-86b4-001b0ec37c9c'
	459 :   OK                'way_390324800'                  OID '4752881c-d5b8-11b4-86b4-001b0ec37c9c'
	460 :   OK                'way_31480813'                   OID '47551474-d5b8-11b4-86b4-001b0ec37c9c'
	461 :   OK                'way_31530529'                   OID '475751e4-d5b8-11b4-86b4-001b0ec37c9c'
	462 :   OK                'way_31480244'                   OID '475a9ae8-d5b8-11b4-86b4-001b0ec37c9c'
	463 :   OK                'way_405549813'                  OID '475dcf9c-d5b8-11b4-86b4-001b0ec37c9c'
	464 :   OK                'way_405659388'                  OID '47609f88-d5b8-11b4-86b4-001b0ec37c9c'
	465 :   OK                'way_408804772'                  OID '476371cc-d5b8-11b4-86b4-001b0ec37c9c'
	466 :   OK                'way_390575329'                  OID '4765ee84-d5b8-11b4-86b4-001b0ec37c9c'
	467 :   OK                'way_42157272'                   OID '476870b4-d5b8-11b4-86b4-001b0ec37c9c'
	468 :   OK                'way_391038821'                  OID '476b9820-d5b8-11b4-86b4-001b0ec37c9c'
	469 :   OK                'way_31530400'                   OID '47706f94-d5b8-11b4-86b4-001b0ec37c9c'
	470 :   OK                'way_31479179'                   OID '4772d798-d5b8-11b4-86b4-001b0ec37c9c'
	471 :   OK                'way_31530365'                   OID '47759d5c-d5b8-11b4-86b4-001b0ec37c9c'
	472 :   OK                'way_27840715'                   OID '4778450c-d5b8-11b4-86b4-001b0ec37c9c'
	473 :   OK                'way_398892102'                  OID '477ae424-d5b8-11b4-86b4-001b0ec37c9c'
	474 :   OK                'way_391045683'                  OID '4782fa74-d5b8-11b4-86b4-001b0ec37c9c'
	475 :   OK                'way_667634642'                  OID '478562dc-d5b8-11b4-86b4-001b0ec37c9c'
	476 :   OK                'way_408695846'                  OID '47923d18-d5b8-11b4-86b4-001b0ec37c9c'
	477 :   OK                'way_28585962'                   OID '4794e1a8-d5b8-11b4-86b4-001b0ec37c9c'
	478 :   OK                'way_36332929'                   OID '479a7564-d5b8-11b4-86b4-001b0ec37c9c'
	479 :   OK                'way_390575315'                  OID '479d5eb4-d5b8-11b4-86b4-001b0ec37c9c'
	480 :   OK                'way_31480811'                   OID '47a0121c-d5b8-11b4-86b4-001b0ec37c9c'
	481 :   OK                'way_110992740'                  OID '47a29320-d5b8-11b4-86b4-001b0ec37c9c'
	482 :   OK                'way_241085604'                  OID '47a90e80-d5b8-11b4-86b4-001b0ec37c9c'
	483 :   OK                'way_31546779'                   OID '47ab5bf4-d5b8-11b4-86b4-001b0ec37c9c'
	484 :   OK                'way_31530397'                   OID '47ae398c-d5b8-11b4-86b4-001b0ec37c9c'
	485 :   OK                'way_31530383'                   OID '47b0aed8-d5b8-11b4-86b4-001b0ec37c9c'
	486 :   OK                'way_405972324'                  OID '47b6fce8-d5b8-11b4-86b4-001b0ec37c9c'
	487 :   OK                'way_398892104'                  OID '47b9d440-d5b8-11b4-86b4-001b0ec37c9c'
	488 :   OK                'way_328431386'                  OID '47bd29c4-d5b8-11b4-86b4-001b0ec37c9c'
	489 :   OK                'way_408608344'                  OID '47c1a1e8-d5b8-11b4-86b4-001b0ec37c9c'
	490 :   OK                'way_391045685'                  OID '47c4d0c0-d5b8-11b4-86b4-001b0ec37c9c'
	491 :   OK                'way_28585958'                   OID '47c77938-d5b8-11b4-86b4-001b0ec37c9c'
	492 :   OK                'way_398892101'                  OID '47ca4e9c-d5b8-11b4-86b4-001b0ec37c9c'
	493 :   OK                'way_405549808'                  OID '47cdd558-d5b8-11b4-86b4-001b0ec37c9c'
	494 :   OK                'way_390219126'                  OID '47d1db6c-d5b8-11b4-86b4-001b0ec37c9c'
	495 :   OK                'way_362880336'                  OID '47e035a4-d5b8-11b4-86b4-001b0ec37c9c'
	496 :   OK                'way_31530379'                   OID '47e38f10-d5b8-11b4-86b4-001b0ec37c9c'
	497 :   OK                'way_398892105'                  OID '47e66348-d5b8-11b4-86b4-001b0ec37c9c'
	498 :   OK                'way_31530404'                   OID '47e8e2bc-d5b8-11b4-86b4-001b0ec37c9c'
	499 :   OK                'way_390575331'                  OID '47ecaf64-d5b8-11b4-86b4-001b0ec37c9c'
	500 :   OK                'way_390575314'                  OID '47ef357c-d5b8-11b4-86b4-001b0ec37c9c'
	501 :   OK                'way_31530369'                   OID '47f1cfe4-d5b8-11b4-86b4-001b0ec37c9c'
	502 :   OK                'way_31530390'                   OID '47f64bf0-d5b8-11b4-86b4-001b0ec37c9c'
	503 :   OK                'way_395458233'                  OID '47fe7e60-d5b8-11b4-86b4-001b0ec37c9c'
	504 :   OK                'way_390324795'                  OID '480348f0-d5b8-11b4-86b4-001b0ec37c9c'
	505 :   OK                'way_31530508'                   OID '4806462c-d5b8-11b4-86b4-001b0ec37c9c'
	506 :   OK                'way_390575334'                  OID '4808cb7c-d5b8-11b4-86b4-001b0ec37c9c'
	507 :   OK                'way_31530509'                   OID '480b39c0-d5b8-11b4-86b4-001b0ec37c9c'
	508 :   OK                'way_110992745'                  OID '480da034-d5b8-11b4-86b4-001b0ec37c9c'
	509 :   OK                'way_405549811'                  OID '48103588-d5b8-11b4-86b4-001b0ec37c9c'
	510 :   OK                'way_413338264'                  OID '4814c1fc-d5b8-11b4-86b4-001b0ec37c9c'
	511 :   OK                'way_31530377'                   OID '4817b0c4-d5b8-11b4-86b4-001b0ec37c9c'
	512 :   OK                'way_31530374'                   OID '481a917c-d5b8-11b4-86b4-001b0ec37c9c'
	513 :   OK                'way_405659375'                  OID '481d10f0-d5b8-11b4-86b4-001b0ec37c9c'
	514 :   OK                'way_31480794'                   OID '481fba30-d5b8-11b4-86b4-001b0ec37c9c'
	515 :   OK                'way_31530386'                   OID '48224174-d5b8-11b4-86b4-001b0ec37c9c'
	516 :   OK                'way_27840716'                   OID '4824f090-d5b8-11b4-86b4-001b0ec37c9c'
	517 :   OK                'way_395458242'                  OID '4827b078-d5b8-11b4-86b4-001b0ec37c9c'
	518 :   OK                'way_31530392'                   OID '482bad2c-d5b8-11b4-86b4-001b0ec37c9c'
	519 :   OK                'way_390575325'                  OID '482e2534-d5b8-11b4-86b4-001b0ec37c9c'
	520 :   OK                'way_408301247'                  OID '48323cdc-d5b8-11b4-86b4-001b0ec37c9c'
	521 :   OK                'way_405659379'                  OID '4834e298-d5b8-11b4-86b4-001b0ec37c9c'
	522 :   OK                'way_46510660'                   OID '48377aa8-d5b8-11b4-86b4-001b0ec37c9c'
	523 :   OK                'way_31480817'                   OID '483a1704-d5b8-11b4-86b4-001b0ec37c9c'
	524 :   OK                'way_31530503'                   OID '483c8d18-d5b8-11b4-86b4-001b0ec37c9c'
	525 :   OK                'way_336123463'                  OID '483f98c8-d5b8-11b4-86b4-001b0ec37c9c'
	526 :   OK                'way_31547676'                   OID '48422d54-d5b8-11b4-86b4-001b0ec37c9c'
	527 :   OK                'way_391156003'                  OID '4844a368-d5b8-11b4-86b4-001b0ec37c9c'
	528 :   OK                'way_390324798'                  OID '48470018-d5b8-11b4-86b4-001b0ec37c9c'
	529 :   OK                'way_221764637'                  OID '4849ac78-d5b8-11b4-86b4-001b0ec37c9c'
	530 :   OK                'way_391155995'                  OID '484c7624-d5b8-11b4-86b4-001b0ec37c9c'
	531 :   OK                'way_177146689'                  OID '484ef340-d5b8-11b4-86b4-001b0ec37c9c'
	532 :   OK                'way_31530505'                   OID '48514d98-d5b8-11b4-86b4-001b0ec37c9c'
	533 :   OK                'way_391045684'                  OID '4853ab10-d5b8-11b4-86b4-001b0ec37c9c'
	534 :   OK                'way_28608206'                   OID '48564a8c-d5b8-11b4-86b4-001b0ec37c9c'
	535 :   OK                'way_221757258'                  OID '485970cc-d5b8-11b4-86b4-001b0ec37c9c'
	536 :   OK                'way_390324807'                  OID '485fe394-d5b8-11b4-86b4-001b0ec37c9c'
	537 :   OK                'way_391045680'                  OID '48632978-d5b8-11b4-86b4-001b0ec37c9c'
	538 :   OK                'way_31546778'                   OID '4867d9dc-d5b8-11b4-86b4-001b0ec37c9c'
	539 :   OK                'way_395458243'                  OID '486e2d64-d5b8-11b4-86b4-001b0ec37c9c'
	540 :   OK                'way_405549803'                  OID '4871b678-d5b8-11b4-86b4-001b0ec37c9c'
	541 :   OK                'way_31547113'                   OID '487417d8-d5b8-11b4-86b4-001b0ec37c9c'
	542 :   OK                'way_31530496'                   OID '487685b8-d5b8-11b4-86b4-001b0ec37c9c'
	543 :   OK                'way_31480536'                   OID '487918b4-d5b8-11b4-86b4-001b0ec37c9c'
	544 :   OK                'way_391045681'                  OID '487ce750-d5b8-11b4-86b4-001b0ec37c9c'
	545 :   OK                'way_680634446'                  OID '487faf08-d5b8-11b4-86b4-001b0ec37c9c'
	546 :   OK                'way_391045682'                  OID '48822580-d5b8-11b4-86b4-001b0ec37c9c'
	547 :   OK                'way_31547678'                   OID '48847e48-d5b8-11b4-86b4-001b0ec37c9c'
	548 :   OK                'way_110992733'                  OID '48897f88-d5b8-11b4-86b4-001b0ec37c9c'
	549 :   OK                'way_390575338'                  OID '489360d4-d5b8-11b4-86b4-001b0ec37c9c'
	550 :   OK                'way_408804762'                  OID '4898a670-d5b8-11b4-86b4-001b0ec37c9c'
	551 :   OK                'way_31530502'                   OID '489cb710-d5b8-11b4-86b4-001b0ec37c9c'
	552 :   OK                'way_408695845'                  OID '489f982c-d5b8-11b4-86b4-001b0ec37c9c'
	553 :   OK                'way_31530401'                   OID '48a23230-d5b8-11b4-86b4-001b0ec37c9c'
	554 :   OK                'way_405549802'                  OID '48a48c24-d5b8-11b4-86b4-001b0ec37c9c'
	555 :   OK                'way_390575323'                  OID '48a70f80-d5b8-11b4-86b4-001b0ec37c9c'
	556 :   OK                'way_398892110'                  OID '48a976bc-d5b8-11b4-86b4-001b0ec37c9c'
	557 :   OK                'way_31530368'                   OID '48abbf1c-d5b8-11b4-86b4-001b0ec37c9c'
	558 :   OK                'way_31480804'                   OID '48ae207c-d5b8-11b4-86b4-001b0ec37c9c'
	559 :   OK                'way_31547677'                   OID '48b0ca20-d5b8-11b4-86b4-001b0ec37c9c'
	560 :   OK                'way_328431381'                  OID '48b32ab8-d5b8-11b4-86b4-001b0ec37c9c'
	561 :   OK                'way_408695844'                  OID '48b60aa8-d5b8-11b4-86b4-001b0ec37c9c'
	562 :   OK                'way_31530498'                   OID '48b8ff4c-d5b8-11b4-86b4-001b0ec37c9c'
	563 :   OK                'way_177146664'                  OID '48be74f4-d5b8-11b4-86b4-001b0ec37c9c'
	564 :   OK                'way_31530504'                   OID '48c151c4-d5b8-11b4-86b4-001b0ec37c9c'
	565 :   OK                'way_28585960'                   OID '48c3d2c8-d5b8-11b4-86b4-001b0ec37c9c'
	566 :   OK                'way_408695840'                  OID '48c6843c-d5b8-11b4-86b4-001b0ec37c9c'
	567 :   OK                'way_408804769'                  OID '48d3bfbc-d5b8-11b4-86b4-001b0ec37c9c'
	568 :   OK                'way_31530399'                   OID '48d838a8-d5b8-11b4-86b4-001b0ec37c9c'
	569 :   OK                'way_221757256'                  OID '48e0ead4-d5b8-11b4-86b4-001b0ec37c9c'
	570 :   OK                'way_32136164'                   OID '48e4104c-d5b8-11b4-86b4-001b0ec37c9c'
	571 :   OK                'way_31480113'                   OID '48e73ec0-d5b8-11b4-86b4-001b0ec37c9c'
	572 :   OK                'way_31546780'                   OID '48ed1354-d5b8-11b4-86b4-001b0ec37c9c'
	573 :   OK                'way_241085601'                  OID '48efb140-d5b8-11b4-86b4-001b0ec37c9c'
	574 :   OK                'way_110992729'                  OID '48f20238-d5b8-11b4-86b4-001b0ec37c9c'
	575 :   OK                'ETH HCP'                        OID '48f46f50-d5b8-11b4-86b4-001b0ec37c9c'
	576 :   OK                'way_585163973'                  OID '48fb480c-d5b8-11b4-86b4-001b0ec37c9c'
	577 :   OK                'way_33050498'                   OID '48fd9198-d5b8-11b4-86b4-001b0ec37c9c'
	578 :   OK                'way_390227359'                  OID '49002c00-d5b8-11b4-86b4-001b0ec37c9c'
	579 :   OK                'way_31480798'                   OID '490268a8-d5b8-11b4-86b4-001b0ec37c9c'
	580 :   OK                'way_398890489'                  OID '490500b8-d5b8-11b4-86b4-001b0ec37c9c'
	581 :   OK                'way_388858278'                  OID '490c799c-d5b8-11b4-86b4-001b0ec37c9c'
	582 :   OK                'way_328431352'                  OID '490ef140-d5b8-11b4-86b4-001b0ec37c9c'
	583 :   OK                'way_627454207'                  OID '491149a4-d5b8-11b4-86b4-001b0ec37c9c'
	584 :   OK                'way_408695843'                  OID '49147d2c-d5b8-11b4-86b4-001b0ec37c9c'
	585 :   OK                'way_398892107'                  OID '491798e0-d5b8-11b4-86b4-001b0ec37c9c'
	586 :   OK                'way_405659385'                  OID '491a10e8-d5b8-11b4-86b4-001b0ec37c9c'
	587 :   OK                'way_31480535'                   OID '491cbdac-d5b8-11b4-86b4-001b0ec37c9c'
	588 :   OK                'way_31530510'                   OID '491f3fdc-d5b8-11b4-86b4-001b0ec37c9c'
	589 :   OK                'way_390324805'                  OID '4921a5ec-d5b8-11b4-86b4-001b0ec37c9c'
	590 :   OK                'way_27840727'                   OID '49250ca0-d5b8-11b4-86b4-001b0ec37c9c'
	591 :   OK                'way_20457115'                   OID '4928133c-d5b8-11b4-86b4-001b0ec37c9c'
	592 :   OK                'way_408695847'                  OID '492a9698-d5b8-11b4-86b4-001b0ec37c9c'
	593 :   OK                'way_405659377'                  OID '492d2cb4-d5b8-11b4-86b4-001b0ec37c9c'
	594 :   OK                'way_31530376'                   OID '492fa520-d5b8-11b4-86b4-001b0ec37c9c'
	595 :   OK                'way_31547112'                   OID '4932430c-d5b8-11b4-86b4-001b0ec37c9c'
	596 :   OK                'way_398892108'                  OID '4937c728-d5b8-11b4-86b4-001b0ec37c9c'
	597 :   OK                'way_225659232'                  OID '493a3e68-d5b8-11b4-86b4-001b0ec37c9c'
	598 :   OK                'way_408804767'                  OID '493cebf4-d5b8-11b4-86b4-001b0ec37c9c'
	599 :   OK                'way_31479443'                   OID '493f801c-d5b8-11b4-86b4-001b0ec37c9c'
	600 :   OK                'way_390575333'                  OID '49433298-d5b8-11b4-86b4-001b0ec37c9c'
	601 :   OK                'way_177146665'                  OID '4945acf8-d5b8-11b4-86b4-001b0ec37c9c'
	602 :   OK                'way_383969080'                  OID '4948951c-d5b8-11b4-86b4-001b0ec37c9c'
	603 :   OK                'way_408804763'                  OID '494b4d34-d5b8-11b4-86b4-001b0ec37c9c'
	604 :   OK                'way_31530380'                   OID '494e1870-d5b8-11b4-86b4-001b0ec37c9c'
	605 :   OK                'way_408804777'                  OID '49507778-d5b8-11b4-86b4-001b0ec37c9c'
	606 :   OK                'way_177146657'                  OID '49545230-d5b8-11b4-86b4-001b0ec37c9c'
	607 :   OK                'way_390575326'                  OID '4957302c-d5b8-11b4-86b4-001b0ec37c9c'
	608 :   OK                'way_28608205'                   OID '495a1530-d5b8-11b4-86b4-001b0ec37c9c'
	609 :   OK                'way_27938508'                   OID '495c8ba8-d5b8-11b4-86b4-001b0ec37c9c'
	610 :   OK                'way_31480537'                   OID '495f3358-d5b8-11b4-86b4-001b0ec37c9c'
	611 :   OK                'ETH HCP'                        OID '4961a32c-d5b8-11b4-86b4-001b0ec37c9c'
	612 :   OK                'way_31480802'                   OID '49645950-d5b8-11b4-86b4-001b0ec37c9c'
	613 :   OK                'way_390575321'                  OID '496a3d84-d5b8-11b4-86b4-001b0ec37c9c'
	614 :   OK                'way_31480807'                   OID '496cb26c-d5b8-11b4-86b4-001b0ec37c9c'
	615 :   OK                'way_31480795'                   OID '4970b7b8-d5b8-11b4-86b4-001b0ec37c9c'
	616 :   OK                'way_31530499'                   OID '49767a54-d5b8-11b4-86b4-001b0ec37c9c'
	617 :   OK                'way_390575319'                  OID '4978dce0-d5b8-11b4-86b4-001b0ec37c9c'
	618 :   OK                'way_8806363'                    OID '497b8f80-d5b8-11b4-86b4-001b0ec37c9c'
	619 :   OK                'way_31530396'                   OID '497e0dc8-d5b8-11b4-86b4-001b0ec37c9c'
	620 :   OK                'way_408804773'                  OID '49825518-d5b8-11b4-86b4-001b0ec37c9c'
	621 :   OK                'way_170026322'                  OID '4984f430-d5b8-11b4-86b4-001b0ec37c9c'
	622 :   OK                'way_225659236'                  OID '49875a40-d5b8-11b4-86b4-001b0ec37c9c'
	623 :   OK                'way_391339707'                  OID '4989c2a8-d5b8-11b4-86b4-001b0ec37c9c'
	624 :   OK                'way_31530394'                   OID '498c2728-d5b8-11b4-86b4-001b0ec37c9c'
	625 :   OK                'way_408804771'                  OID '498efe80-d5b8-11b4-86b4-001b0ec37c9c'
	626 :   OK                'Tessin Grotto'                  OID '4991e76c-d5b8-11b4-86b4-001b0ec37c9c'
	627 :   OK                'way_31530367'                   OID '49990484-d5b8-11b4-86b4-001b0ec37c9c'
	628 :   OK                'way_390324796'                  OID '499b7cf0-d5b8-11b4-86b4-001b0ec37c9c'
	629 :   OK                'way_391155999'                  OID '499f5c58-d5b8-11b4-86b4-001b0ec37c9c'
	630 :   OK                'way_33050493'                   OID '49a495d8-d5b8-11b4-86b4-001b0ec37c9c'
	631 :   OK                'way_388858279'                  OID '49a80970-d5b8-11b4-86b4-001b0ec37c9c'
	632 :   OK                'way_398892112'                  OID '49accfb4-d5b8-11b4-86b4-001b0ec37c9c'
	633 :   OK                'way_391339712'                  OID '49b07ac4-d5b8-11b4-86b4-001b0ec37c9c'
	634 :   OK                'way_241085602'                  OID '49b7f27c-d5b8-11b4-86b4-001b0ec37c9c'
	635 :   OK                'way_31530391'                   OID '49baebd0-d5b8-11b4-86b4-001b0ec37c9c'
	636 :   OK                'way_391038824'                  OID '49bebf1c-d5b8-11b4-86b4-001b0ec37c9c'
	637 :   OK                'way_395458239'                  OID '49c36f80-d5b8-11b4-86b4-001b0ec37c9c'
	638 :   OK                'way_31547991'                   OID '49c8e3fc-d5b8-11b4-86b4-001b0ec37c9c'
	639 :   OK                'way_408630735'                  OID '49cc2850-d5b8-11b4-86b4-001b0ec37c9c'
	640 :   OK                'way_390575317'                  OID '49cefd50-d5b8-11b4-86b4-001b0ec37c9c'
	641 :   OK                'way_408695842'                  OID '49d1b8ec-d5b8-11b4-86b4-001b0ec37c9c'
	642 :   OK                'way_221757257'                  OID '49d4fc14-d5b8-11b4-86b4-001b0ec37c9c'
	643 :   OK                'way_31530387'                   OID '49d7b8dc-d5b8-11b4-86b4-001b0ec37c9c'
	644 :   OK                'way_200654107'                  OID '49ddc164-d5b8-11b4-86b4-001b0ec37c9c'
	645 :   OK                'way_408804761'                  OID '49e07080-d5b8-11b4-86b4-001b0ec37c9c'
	646 :   OK                'way_110992737'                  OID '49e57abc-d5b8-11b4-86b4-001b0ec37c9c'
	647 :   OK                'way_395458244'                  OID '49e7d4b0-d5b8-11b4-86b4-001b0ec37c9c'
	648 :   OK                'way_403828638'                  OID '49eafbb8-d5b8-11b4-86b4-001b0ec37c9c'
	649 :   OK                'way_20457116'                   OID '49ee338c-d5b8-11b4-86b4-001b0ec37c9c'
	650 :   OK                'way_32382783'                   OID '49f20930-d5b8-11b4-86b4-001b0ec37c9c'
	651 :   OK                'way_110992739'                  OID '49f548d4-d5b8-11b4-86b4-001b0ec37c9c'
	652 :   OK                'way_405972323'                  OID '49f82ab8-d5b8-11b4-86b4-001b0ec37c9c'
	653 :   OK                'way_31530388'                   OID '49fe2e2c-d5b8-11b4-86b4-001b0ec37c9c'
	654 :   OK                'way_28585949'                   OID '4a008244-d5b8-11b4-86b4-001b0ec37c9c'
	655 :   OK                'way_33050489'                   OID '4a0321c0-d5b8-11b4-86b4-001b0ec37c9c'
	656 :   OK                'way_200654108'                  OID '4a05d7e4-d5b8-11b4-86b4-001b0ec37c9c'
	657 :   OK                'way_241085606'                  OID '4a08f528-d5b8-11b4-86b4-001b0ec37c9c'
	658 :   OK                'way_391156004'                  OID '4a0ddfc0-d5b8-11b4-86b4-001b0ec37c9c'
	659 :   OK                'way_395458245'                  OID '4a105444-d5b8-11b4-86b4-001b0ec37c9c'
	660 :   OK                'way_398892103'                  OID '4a1299e8-d5b8-11b4-86b4-001b0ec37c9c'
	661 :   OK                'way_408608352'                  OID '4a152258-d5b8-11b4-86b4-001b0ec37c9c'
	662 :   OK                'way_31530500'                   OID '4a17c558-d5b8-11b4-86b4-001b0ec37c9c'
	663 :   OK                'way_32382780'                   OID '4a1ac550-d5b8-11b4-86b4-001b0ec37c9c'
	664 :   OK                'way_391038819'                  OID '4a1d79e4-d5b8-11b4-86b4-001b0ec37c9c'
	665 :   OK                'way_46510661'                   OID '4a1feae4-d5b8-11b4-86b4-001b0ec37c9c'
	666 :   OK                'Terrain_Imagery2'               OID 'c19cf368-d80c-11b4-86b4-001b0ec37c9c'



Files created:
	'HoBe_1_0.fbx':
		Initial shapes:
			0, 1, 2, 3, 4, 5, 6, 7, 8, 9, 10, 11, 12, 13, 14, 15, 16, 17, 18, 19, 20, 21, 22, 23, 24, 25, 26, 27, 28, 29, 30, 31, 32, 33, 34, 35, 36, 37, 38, 39, 40, 41, 42, 43, 44, 45, 46, 47, 48, 49, 50, 51, 52, 53, 54, 55, 56, 57, 58, 59, 60, 61, 62, 63, 64, 65, 66, 67, 68, 69, 70, 71, 72, 73, 74, 75, 76, 77, 78, 79, 80, 81, 82, 83, 84, 85, 86, 87, 88, 89, 90, 91, 92, 93, 94, 95, 96, 97, 98, 99, 100, 101, 102, 103, 104, 105, 106, 107, 108, 109, 110, 111, 112, 113, 114, 115, 116, 117, 118, 119, 120, 121, 122, 123, 124, 125, 126, 127, 128, 129, 130, 131, 132, 133, 134, 135, 136, 137, 138, 139, 140, 141, 142, 143, 144, 145, 146, 147, 148, 149, 150, 151, 152, 153, 154, 155, 156, 157, 158, 159, 160, 161, 162, 163, 164, 165, 166, 167, 168, 169, 170, 171, 172, 173, 174, 175, 176, 177, 178, 179, 180, 181, 182, 183, 184, 185, 186, 187, 188, 189, 190, 191, 192, 193, 194, 195, 196, 197, 198, 199, 200, 201, 202, 203, 204, 205, 206, 207, 208, 209, 210, 211, 212, 213, 214, 215, 216, 217, 218, 219, 220, 221, 222, 223, 224, 225, 226, 227, 228, 229, 230, 231, 232, 233, 234, 235, 236, 237, 238, 239, 240, 241, 242, 243, 244, 245, 246, 247, 248, 249, 250, 251, 252, 253, 254, 255, 256, 257, 258, 259, 260, 261, 262, 263, 264, 265, 266, 267, 268, 269, 270, 271, 272, 273, 274, 275, 276, 277, 278, 279, 280, 281, 282, 283, 284, 285, 286, 287, 288, 289, 290, 291, 292, 293, 294, 295, 296, 297, 298, 299, 300, 301, 302, 303, 304, 305, 306, 307, 308, 309, 310, 311, 312, 313, 314, 315, 316, 317, 318, 319, 320, 321, 322, 323, 324, 325, 326, 327, 328, 329, 330, 331, 332, 333, 334, 335, 336, 337, 338, 339, 340, 341, 342, 343, 344, 345, 346, 347, 348, 349, 350, 351, 352, 353, 354, 355, 356, 357, 358, 359, 360, 361, 362, 363, 364, 365, 366, 367, 368, 369, 370, 371, 372, 373, 374, 375, 376, 377, 378, 379, 380, 381, 382, 383, 384, 385, 386, 387, 388, 389, 390, 391, 392, 393, 394, 395, 396, 397, 398, 399, 400, 401, 402, 403, 404, 405, 406, 407, 408, 409, 410, 411, 412, 413, 414, 415, 416, 417, 418, 419, 420, 421, 422, 423, 424, 425, 426, 427, 428, 429, 430, 431, 432, 433, 434, 435, 436, 437, 438, 439, 440, 441, 442, 443, 444, 445, 446, 447, 448, 449, 450, 451, 452, 453, 454, 455, 456, 457, 458, 459, 460, 461, 462, 463, 464, 465, 466, 467, 468, 469, 470, 471, 472, 473, 474, 475, 476, 477, 478, 479, 480, 481, 482, 483, 484, 485, 486, 487, 488, 489, 490, 491, 492, 493, 494, 495, 496, 497, 498, 499, 500, 501, 502, 503, 504, 505, 506, 507, 508, 509, 510, 511, 512, 513, 514, 515, 516, 517, 518, 519, 520, 521, 522, 523, 524, 525, 526, 527, 528, 529, 530, 531, 532, 534, 535, 536, 537, 538, 539, 540, 541, 542, 543, 544, 545, 546, 547, 548, 549, 550, 551, 552, 553, 554, 555, 556, 557, 558, 559, 560, 561, 562, 563, 564, 565, 566, 567, 568, 569, 570, 571, 572, 573, 574, 575, 576, 577, 578, 579, 580, 581, 582, 583, 584, 585, 586, 587, 588, 589, 590, 591, 592, 593, 594, 595, 596, 597, 598, 599, 600, 601, 602, 603, 604, 605, 606, 607, 608, 609, 610, 611, 612, 613, 614, 615, 616, 617, 618, 619, 620, 621, 622, 623, 624, 625, 626, 627, 628, 629, 630, 631, 632, 633, 634, 635, 636, 637, 638, 639, 640, 641, 642, 643, 644, 645, 646, 647, 648, 649, 650, 651, 652, 653, 654, 655, 656, 657, 658, 659, 660, 661, 662, 663, 664, 665, 666, 
		GEOMETRY:
			Total Meshes: 4
			Total Polygons: 371760
			  | Name                           | Instance Occurrences | Material                          | Polygons 
			==+================================+======================+===================================+==========
			1  'mesh_CityEngineMaterial'                            1  'CityEngineMaterial_1_mat(1),'            368 
			2  'mesh_CityEngineMaterial_1'                          1  'CityEngineMaterial_mat(1),'             2711 
			3  'mesh_CityEngineShapeMaterial'                       1  'CityEngineShapeMaterial_mat(1),'        5679 
			4  'mesh_CityEngineTerrainMaterial'                     1  'CityEngineTerrainMaterial_mat(1),'    363002 
		MATERIAL:
			Total Materials: 4
			  | Name                          | Texture_0   
			==+===============================+=============
			1  'CityEngineMaterial_1_mat'      ''           
			2  'CityEngineMaterial_mat'        ''           
			3  'CityEngineShapeMaterial_mat'   ''           
			4  'CityEngineTerrainMaterial_mat' 'texture.jpg'